13.0898 	EXP 	Created window1 = Window(allowGUI=True, allowStencil=False, autoLog=True, backendConf=UNKNOWN, bitsMode=UNKNOWN, blendMode='avg', bpc=(8, 8, 8), color=array([-1, -1, -1]), colorSpace='rgb', depthBits=8, fullscr=<method-wrapper '__getattribute__' of attributeSetter object at 0x0000013EAC5852B0>, gamma=None, gammaErrorPolicy='raise', lms=UNKNOWN, monitor=<psychopy.monitors.calibTools.Monitor object at 0x0000013EAC5D0710>, multiSample=False, name='window1', numSamples=2, pos=[320.0, 180.0], screen=0, size=array([1920, 1080]), stencilBits=0, stereo=False, units='height', useFBO=True, useRetina=False, viewOri=0.0, viewPos=None, viewScale=None, waitBlanking=True, winType='pyglet')
13.0899 	EXP 	window1: mouseVisible = True
13.0900 	EXP 	window1: recordFrameIntervals = False
13.1502 	EXP 	window1: recordFrameIntervals = True
13.2171 	EXP 	window1: recordFrameIntervals = False
14.2898 	EXP 	Created text = TextStim(__class__=<class 'psychopy.visual.text.TextStim'>, alignHoriz=method-wrapper(...), alignText='center', alignVert=method-wrapper(...), anchorHoriz='center', anchorVert='center', antialias=True, autoLog=True, bold=False, color=array([1., 1., 1.]), colorSpace='rgb', contrast=1.0, depth=0.0, flipHoriz=False, flipVert=False, font='Open Sans', fontFiles=[], height=0.035, italic=False, languageStyle='LTR', name='text', opacity=1, ori=0.0, pos=array([0., 0.]), rgb=UNKNOWN, text=str(...), units='height', win=Window(...), wrapWidth=1.5)
14.3072 	EXP 	Created text_2 = TextStim(__class__=<class 'psychopy.visual.text.TextStim'>, alignHoriz=method-wrapper(...), alignText='center', alignVert=method-wrapper(...), anchorHoriz='center', anchorVert='center', antialias=True, autoLog=True, bold=False, color=array([1., 1., 1.]), colorSpace='rgb', contrast=1.0, depth=0.0, flipHoriz=False, flipVert=False, font='Open Sans', fontFiles=[], height=0.04, italic=False, languageStyle='LTR', name='text_2', opacity=1, ori=0.0, pos=array([0.  , 0.38]), rgb=UNKNOWN, text='Please select an integer betwen 11 and 20', units='height', win=Window(...), wrapWidth=1)
14.3222 	EXP 	window1: mouseVisible = True
14.3792 	EXP 	Created slider = Slider(__class__=<class 'psychopy.visual.slider.Slider'>, autoDraw=False, autoLog=True, borderColor=None, color=None, colorSpace='rgb', depth=-1, fillColor=None, flip=False, font='Open Sans', granularity=1.0, labelHeight=0.05, labelWrapWidth=None, labels=(11, 12, 13, 14, 15, 16, 17, 18, 19, 20), name='slider', opacity=None, pos=(0, 0.05), readOnly=False, self=UNKNOWN, size=(1.3, 0.15), startValue=None, style=method-wrapper(...), styleTweaks=method-wrapper(...), ticks=array([11, 12, 13, 14, 15, 16, 17, 18, 19, 20]), units='height', win=Window(...))
14.3971 	EXP 	Created text_3 = TextStim(__class__=<class 'psychopy.visual.text.TextStim'>, alignHoriz=method-wrapper(...), alignText='center', alignVert=method-wrapper(...), anchorHoriz='center', anchorVert='center', antialias=True, autoLog=True, bold=False, color=array([1., 1., 1.]), colorSpace='rgb', contrast=1.0, depth=-3.0, flipHoriz=False, flipVert=False, font='Open Sans', fontFiles=[], height=0.04, italic=False, languageStyle='LTR', name='text_3', opacity=1, ori=0.0, pos=array([ 0.  , -0.38]), rgb=UNKNOWN, text='Press SPACE to continue', units='height', win=Window(...), wrapWidth=1)
14.4120 	EXP 	Created text_4 = TextStim(__class__=<class 'psychopy.visual.text.TextStim'>, alignHoriz=method-wrapper(...), alignText='center', alignVert=method-wrapper(...), anchorHoriz='center', anchorVert='center', antialias=True, autoLog=True, bold=False, color=array([1., 1., 1.]), colorSpace='rgb', contrast=1.0, depth=0.0, flipHoriz=False, flipVert=False, font='Open Sans', fontFiles=[], height=0.04, italic=False, languageStyle='LTR', name='text_4', opacity=1, ori=0.0, pos=array([0., 0.]), rgb=UNKNOWN, text=str(...), units='height', win=Window(...), wrapWidth=1)
14.5807 	EXP 	slider: autoLog = True
14.5807 	EXP 	slider: markerPos = None
14.5807 	EXP 	slider: rating = None
14.5807 	EXP 	slider: markerPos = None
14.5807 	EXP 	slider: contrast = 1.0
14.5807 	EXP 	slider: autoLog = True
14.5807 	EXP 	slider: styleTweaks = []
14.5807 	EXP 	slider: style = 'rating'
14.5807 	EXP 	slider: styleTweaks = []
14.5807 	EXP 	text: autoDraw = True
15.1361 	DATA 	Keypress: space
15.1848 	EXP 	text: autoDraw = False
15.1848 	EXP 	slider: markerPos = None
15.1848 	EXP 	slider: markerPos = None
15.1848 	EXP 	slider: rating = None
15.1848 	EXP 	text_2: autoDraw = True
15.1848 	EXP 	slider: autoDraw = True
15.1848 	EXP 	text_3: autoDraw = True
15.6700 	DATA 	Keypress: space
15.8748 	DATA 	Keypress: space
16.0690 	DATA 	Keypress: space
16.2640 	DATA 	Keypress: space
16.6702 	DATA 	Mouse: Left button down, pos=(1175,606)
16.7030 	EXP 	slider: markerPos = 16.87820513202594
16.7280 	DATA 	Mouse:  Left button up, pos=(1175,606)
16.7330 	EXP 	slider: markerPos = 16.87820513202594
16.7578 	EXP 	slider: markerPos = 17.0
16.7578 	EXP 	slider: rating = 17.0
17.1342 	DATA 	Keypress: space
17.1534 	EXP 	text_2: autoDraw = False
17.1534 	EXP 	slider: autoDraw = False
17.1534 	EXP 	text_3: autoDraw = False
17.1534 	EXP 	text_4: autoDraw = True
19.6539 	EXP 	text_4: autoDraw = False
19.7431 	EXP 	window1: mouseVisible = True
